version: (200506)

available memory: 64M bytes
used memory: 81920 bytes [need 80K bytes if disable swap]

used block: 3 [memory(3) file(0)]
                 [ 8K(2) 64K(1) { total 80K bytes } ]
overhead: (9538) bytes for (3) blocks [Average: (3179) bytes/block]

write  => 0(times) 0K(bytes) [0K bytes to file]
read   => 1(times) 18K(bytes) [3K bytes compressed data from file]
access => 71027(times) 558M(bytes)
          [hit ratio: 99.9986%]

time: write(0) read(0)  unit: second

swap file directory: (/home/st4/HW2/verdiLog)
used swap file number: (1)



swap file manager:
arrSize: (256)
idxCnt: (3)
closeHead: (1)
closeTail: (2)
openCnt: (2)
fid(2): fd(26) fileName(/home/st4/HW2/verdiLog/_swap_0001#8323328#4632)
	size(0) lastModTime(0) curModTime(1775933846)
	mode(w+b)	hot(0) cool(1) pos(0)
fid(1): fd(1073741824) fileName(/home/st4/HW2/simv.daidir/kdb.elab++/work.lib++/tb_my_mem.sv.tdc)
	size(5420) lastModTime(1775933779) curModTime(1775933779)
	mode(rb)	hot(2) cool(0) pos(0)
fid(0): fd(0) fileName(NULL)
	mode(NULL)	hot(0) cool(0) pos(0)
==================================================
mySelf(0x1b37b960) pre(0x1b36d280) next((nil))
version(200506)
date(Nov 14 2022 02:32:13)
