version: (200506)

available memory: 64M bytes
used memory: 73728 bytes [need 72K bytes if disable swap]

used block: 2 [memory(2) file(0)]
                 [ 8K(1) 64K(1) { total 72K bytes } ]
overhead: (9538) bytes for (2) blocks [Average: (4769) bytes/block]

write  => 0(times) 0K(bytes) [0K bytes to file]
read   => 1(times) 12K(bytes) [2K bytes compressed data from file]
access => 59844(times) 469M(bytes)
          [hit ratio: 99.9983%]

time: write(0) read(0)  unit: second

swap file directory: (/home/st4/HW3/verdiLog)
used swap file number: (1)



swap file manager:
arrSize: (256)
idxCnt: (3)
closeHead: (1)
closeTail: (2)
openCnt: (2)
fid(2): fd(26) fileName(/home/st4/HW3/verdiLog/_swap_0001#8323328#30750)
	size(0) lastModTime(0) curModTime(1776432024)
	mode(w+b)	hot(0) cool(1) pos(0)
fid(1): fd(1073741824) fileName(/home/st4/HW3/simv.daidir/kdb.elab++/work.lib++/adder_tb.sv.tdc)
	size(4291) lastModTime(1776431339) curModTime(1776431339)
	mode(rb)	hot(2) cool(0) pos(0)
fid(0): fd(0) fileName(NULL)
	mode(NULL)	hot(0) cool(0) pos(0)
==================================================
mySelf(0x1af2c1b0) pre(0x1af1dad0) next((nil))
version(200506)
date(Nov 14 2022 02:32:13)
