Command Line: /usr/synopsys/verdi/T-2022.06-SP2/platform/LINUXAMD64/bin/Novas -ssf waves.fsdb
uname(Linux synopsys.stbzu.edu 3.10.0-1160.83.1.el7.x86_64 #1 SMP Mon Dec 19 10:44:06 UTC 2022 x86_64)
type= DS_SIGNAL element= 5 field= 2
VERILOG adder_tb
VERILOG clk
-----
second field= signal
VERILOG adder_tb
VERILOG reset
-----
second field= signal
VERILOG adder_tb
VERILOG in1[7:0]
-----
second field= signal
VERILOG adder_tb
VERILOG in2[7:0]
-----
second field= signal
VERILOG adder_tb
VERILOG sum[8:0]
-----
second field= signal
type= DS_STRING
clk reset in1[7:0] in2[7:0] sum[8:0]
au time 338.275258 9.452647 4.345014 delta 297775104 297775104 total 846442496 846442496
